<?xml version="1.0" encoding="UTF-8"?>
<!-- Generated by org.testng.reporters.JUnitXMLReporter -->
<testsuite ignored="0" hostname="DESKTOP-VD3T75G" failures="0" tests="4" name="Test" time="10.148" errors="0" timestamp="2023-04-06T12:11:37 IST">
  <testcase classname="Test_class.get_tc1" name="orchestrator" time="4.852"/>
  <testcase classname="Test_class.post_tc" name="orchestrator" time="2.443"/>
  <testcase classname="Test_class.patch_tc1" name="orchestrator" time="1.281"/>
  <testcase classname="Test_class.put_tc1" name="orchestrator" time="1.316"/>
</testsuite> <!-- Test -->
