<?xml version="1.0" encoding="UTF-8"?>
<testng-results ignored="0" total="4" passed="4" failed="0" skipped="0">
  <reporter-output>
  </reporter-output>
  <suite started-at="2023-04-06T12:11:27 IST" name="Suite" finished-at="2023-04-06T12:11:37 IST" duration-ms="10148">
    <groups>
    </groups>
    <test started-at="2023-04-06T12:11:27 IST" name="Test" finished-at="2023-04-06T12:11:37 IST" duration-ms="10148">
      <class name="Test_class.get_tc1">
        <test-method signature="orchestrator()[pri:0, instance:Test_class.get_tc1@327af41b]" started-at="2023-04-06T12:11:27 IST" name="orchestrator" finished-at="2023-04-06T12:11:32 IST" duration-ms="4852" status="PASS">
          <reporter-output>
          </reporter-output>
        </test-method> <!-- orchestrator -->
      </class> <!-- Test_class.get_tc1 -->
      <class name="Test_class.post_tc">
        <test-method signature="orchestrator()[pri:0, instance:Test_class.post_tc@6bf08014]" started-at="2023-04-06T12:11:32 IST" name="orchestrator" finished-at="2023-04-06T12:11:35 IST" duration-ms="2443" status="PASS">
          <reporter-output>
          </reporter-output>
        </test-method> <!-- orchestrator -->
      </class> <!-- Test_class.post_tc -->
      <class name="Test_class.patch_tc1">
        <test-method signature="orchestrator()[pri:0, instance:Test_class.patch_tc1@5e3d57c7]" started-at="2023-04-06T12:11:35 IST" name="orchestrator" finished-at="2023-04-06T12:11:36 IST" duration-ms="1281" status="PASS">
          <reporter-output>
          </reporter-output>
        </test-method> <!-- orchestrator -->
      </class> <!-- Test_class.patch_tc1 -->
      <class name="Test_class.put_tc1">
        <test-method signature="orchestrator()[pri:0, instance:Test_class.put_tc1@732d0d24]" started-at="2023-04-06T12:11:36 IST" name="orchestrator" finished-at="2023-04-06T12:11:37 IST" duration-ms="1316" status="PASS">
          <reporter-output>
          </reporter-output>
        </test-method> <!-- orchestrator -->
      </class> <!-- Test_class.put_tc1 -->
    </test> <!-- Test -->
  </suite> <!-- Suite -->
</testng-results>
